
Attaching package: ‘igraph’

The following objects are masked from ‘package:stats’:

    decompose, spectrum

The following object is masked from ‘package:base’:

    union

Loading required package: spatstat.data
Loading required package: spatstat.geom
spatstat.geom 3.2-8

Attaching package: ‘spatstat.geom’

The following objects are masked from ‘package:igraph’:

    diameter, edges, is.connected, vertices

Loading required package: spatstat.random
spatstat.random 3.2-2
Loading required package: spatstat.explore
Loading required package: nlme
spatstat.explore 3.2-5
Loading required package: spatstat.model
Loading required package: rpart
spatstat.model 3.2-8
Loading required package: spatstat.linnet
spatstat.linnet 3.1-3

spatstat 3.0-7 
For an introduction to spatstat, type ‘beginner’ 

Loading required package: plotly
Loading required package: ggplot2

Attaching package: ‘plotly’

The following object is masked from ‘package:ggplot2’:

    last_plot

The following object is masked from ‘package:igraph’:

    groups

The following object is masked from ‘package:stats’:

    filter

The following object is masked from ‘package:graphics’:

    layout


Attaching package: ‘hypercube’

The following object is masked from ‘package:base’:

    summary


Attaching package: ‘MASS’

The following object is masked from ‘package:plotly’:

    select

The following object is masked from ‘package:spatstat.geom’:

    area

Package 'mclust' version 6.1.1
Type 'citation("mclust")' for citing this R package in publications.
Loading required package: foreach
Loading required package: iterators
[1] "KS-CCDs: The mean ARI is 0.997118925227536 , The mean average silhouette index is 0.697916701680588 , and, the percentatage of times identifying the correct number of clusters is 99.8 %, best delta: 3.7"
[1] "KS-CCDs: The mean ARI is 0.984120951008217 , The mean average silhouette index is 0.680284526852936 , and, the percentatage of times identifying the correct number of clusters is 96.4 %, best delta: 3.1"
[1] "KS-CCDs: The mean ARI is 0.879098968887397 , The mean average silhouette index is 0.602587074946883 , and, the percentatage of times identifying the correct number of clusters is 62.2 %, best delta: 2.6"
Time difference of 16.5871 mins
