
Attaching package: ‘igraph’

The following objects are masked from ‘package:stats’:

    decompose, spectrum

The following object is masked from ‘package:base’:

    union

Loading required package: foreach
Loading required package: iterators
[1] "2d_2cls_n500_cont51020%"
Time difference of 1.281801 days
[1] "The mean success rate is 0.99548 , and, the mean false positive rate is 0.00334526315789474"
Time difference of 2.00444 days
[1] "The mean success rate is 0.99336 , and, the mean false positive rate is 0.00351789473684211"
Time difference of 1.04941 days
[1] "The mean success rate is 0.98986 , and, the mean false positive rate is 0.00347111111111111"
Time difference of 1.695268 days
[1] "The mean success rate is 0.99532 , and, the mean false positive rate is 0.00374444444444444"
Time difference of 16.71291 hours
[1] "The mean success rate is 0.96827 , and, the mean false positive rate is 0.003835"
Time difference of 1.175721 days
[1] "The mean success rate is 0.98526 , and, the mean false positive rate is 0.00393"
