
Attaching package: ‘igraph’

The following objects are masked from ‘package:stats’:

    decompose, spectrum

The following object is masked from ‘package:base’:

    union

Loading required package: foreach
Loading required package: iterators
[1] "5d_3cls_n500_cont51020%"
Time difference of 4.902722 mins
[1] "The mean success rate is 0.99776 , and, the mean false positive rate is 0.0621178947368421"
Time difference of 5.358407 mins
[1] "The mean success rate is 0.99804 , and, the mean false positive rate is 0.0680210526315789"
Time difference of 4.673161 mins
[1] "The mean success rate is 0.99864 , and, the mean false positive rate is 0.0638044444444444"
Time difference of 5.094551 mins
[1] "The mean success rate is 0.99788 , and, the mean false positive rate is 0.0770133333333333"
Time difference of 3.999835 mins
[1] "The mean success rate is 0.99818 , and, the mean false positive rate is 0.08226"
Time difference of 4.206317 mins
[1] "The mean success rate is 0.99807 , and, the mean false positive rate is 0.1416675"
