
Attaching package: ‘igraph’

The following objects are masked from ‘package:stats’:

    decompose, spectrum

The following object is masked from ‘package:base’:

    union

Loading required package: foreach
Loading required package: iterators
[1] "2d_3cls_n500_cont51020%"
Time difference of 21.92773 hours
[1] "The mean success rate is 0.96576 , and, the mean false positive rate is 0.00367789473684211"
Time difference of 1.615928 days
[1] "The mean success rate is 0.98192 , and, the mean false positive rate is 0.00342315789473684"
Time difference of 18.39181 hours
[1] "The mean success rate is 0.9418 , and, the mean false positive rate is 0.00360222222222222"
Time difference of 1.319291 days
[1] "The mean success rate is 0.9795 , and, the mean false positive rate is 0.00356666666666667"
Time difference of 12.50113 hours
[1] "The mean success rate is 0.88975 , and, the mean false positive rate is 0.004245"
Time difference of 21.00121 hours
[1] "The mean success rate is 0.98064 , and, the mean false positive rate is 0.00404"
