
Attaching package: ‘igraph’

The following objects are masked from ‘package:stats’:

    decompose, spectrum

The following object is masked from ‘package:base’:

    union

Loading required package: foreach
Loading required package: iterators
[1] "20d_2cls_n500_cont51020%.R"
Time difference of 11.12691 hours
[1] "The mean success rate is 0.99368 , and, the mean false positive rate is 0.0781073684210526"
Time difference of 11.11848 hours
[1] "The mean success rate is 0.99448 , and, the mean false positive rate is 0.0798526315789474"
Time difference of 11.11188 hours
[1] "The mean success rate is 0.99498 , and, the mean false positive rate is 0.0805577777777778"
Time difference of 11.11445 hours
[1] "The mean success rate is 0.99426 , and, the mean false positive rate is 0.0805111111111111"
Time difference of 11.08793 hours
[1] "The mean success rate is 0.99514 , and, the mean false positive rate is 0.0841075"
Time difference of 11.10202 hours
[1] "The mean success rate is 0.99482 , and, the mean false positive rate is 0.0803"
