
Attaching package: ‘igraph’

The following objects are masked from ‘package:stats’:

    decompose, spectrum

The following object is masked from ‘package:base’:

    union

Loading required package: spatstat.data
Loading required package: spatstat.geom
spatstat.geom 3.2-8

Attaching package: ‘spatstat.geom’

The following objects are masked from ‘package:igraph’:

    diameter, edges, is.connected, vertices

The following object is masked from ‘package:cluster’:

    volume

The following object is masked from ‘package:MASS’:

    area

Loading required package: spatstat.random
spatstat.random 3.2-2
Loading required package: spatstat.explore
Loading required package: nlme
spatstat.explore 3.2-5
Loading required package: spatstat.model
Loading required package: rpart
spatstat.model 3.2-8
Loading required package: spatstat.linnet
spatstat.linnet 3.1-3

spatstat 3.0-7 
For an introduction to spatstat, type ‘beginner’ 

Loading required package: plotly
Loading required package: ggplot2

Attaching package: ‘plotly’

The following object is masked from ‘package:ggplot2’:

    last_plot

The following object is masked from ‘package:igraph’:

    groups

The following object is masked from ‘package:MASS’:

    select

The following object is masked from ‘package:stats’:

    filter

The following object is masked from ‘package:graphics’:

    layout


Attaching package: ‘hypercube’

The following object is masked from ‘package:base’:

    summary

Loading required package: foreach
Loading required package: iterators
[1] "OOS: the mean TPR is 0.804898411612989 and, the mean TNR 0.941664687792415 and, BA is 0.873281549702702 and, the mean F2-score is 0.74059060338716"
[1] "IOS: the mean TPR is 0.89866120932893 and, the mean TNR 0.963826970119535 and, BA is 0.931244089724233 and, the mean F2-score is 0.844111930154854"
Time difference of 2.863144 hours
