
Attaching package: ‘igraph’

The following objects are masked from ‘package:stats’:

    decompose, spectrum

The following object is masked from ‘package:base’:

    union

Loading required package: spatstat.data
Loading required package: spatstat.geom
spatstat.geom 3.2-8

Attaching package: ‘spatstat.geom’

The following objects are masked from ‘package:igraph’:

    diameter, edges, is.connected, vertices

The following object is masked from ‘package:cluster’:

    volume

The following object is masked from ‘package:MASS’:

    area

Loading required package: spatstat.random
spatstat.random 3.2-2
Loading required package: spatstat.explore
Loading required package: nlme
spatstat.explore 3.2-5
Loading required package: spatstat.model
Loading required package: rpart
spatstat.model 3.2-8
Loading required package: spatstat.linnet
spatstat.linnet 3.1-3

spatstat 3.0-7 
For an introduction to spatstat, type ‘beginner’ 

Loading required package: plotly
Loading required package: ggplot2

Attaching package: ‘plotly’

The following object is masked from ‘package:ggplot2’:

    last_plot

The following object is masked from ‘package:igraph’:

    groups

The following object is masked from ‘package:MASS’:

    select

The following object is masked from ‘package:stats’:

    filter

The following object is masked from ‘package:graphics’:

    layout


Attaching package: ‘hypercube’

The following object is masked from ‘package:base’:

    summary

Package 'mclust' version 6.1.1
Type 'citation("mclust")' for citing this R package in publications.
Loading required package: foreach
Loading required package: iterators
[1] "UN-CCDs: The mean ARI is 0.98000252747998 , The mean average silhouette index is 0.6909652451234 , and, the percentatage of times identifying the correct number of clusters is 99.6 %"
[1] "UN-CCDs: The mean ARI is 0.926033622988254 , The mean average silhouette index is 0.657909889627446 , and, the percentatage of times identifying the correct number of clusters is 90.2 %"
[1] "UN-CCDs: The mean ARI is 0.610065166255842 , The mean average silhouette index is 0.51080154372795 , and, the percentatage of times identifying the correct number of clusters is 21.4 %"
Time difference of 14.76509 secs
