
Attaching package: ‘igraph’

The following objects are masked from ‘package:stats’:

    decompose, spectrum

The following object is masked from ‘package:base’:

    union

Loading required package: foreach
Loading required package: iterators
[1] "2d_3cls_n500_cont51020%"
Time difference of 7.416405 hours
[1] "The mean success rate is 0.789 , and, the mean false positive rate is 0.00313473684210526"
Time difference of 10.58878 hours
[1] "The mean success rate is 0.7574 , and, the mean false positive rate is 0.00318315789473684"
Time difference of 6.450002 hours
[1] "The mean success rate is 0.52774 , and, the mean false positive rate is 0.00258222222222222"
Time difference of 9.335839 hours
[1] "The mean success rate is 0.52858 , and, the mean false positive rate is 0.00280888888888889"
Time difference of 4.902586 hours
[1] "The mean success rate is 0.2495 , and, the mean false positive rate is 0.0018675"
Time difference of 6.778761 hours
[1] "The mean success rate is 0.25523 , and, the mean false positive rate is 0.0092475"
