
Attaching package: ‘igraph’

The following objects are masked from ‘package:stats’:

    decompose, spectrum

The following object is masked from ‘package:base’:

    union

Loading required package: foreach
Loading required package: iterators
[1] "3cls_n500_cont51020%"
Time difference of 11.35642 hours
[1] "The mean success rate is 1 , and, the mean false positive rate is 0.00313894736842105"
Time difference of 11.37808 hours
[1] "The mean success rate is 1 , and, the mean false positive rate is 0.0294063157894737"
Time difference of 11.36223 hours
[1] "The mean success rate is 1 , and, the mean false positive rate is 0.00472"
Time difference of 11.37974 hours
[1] "The mean success rate is 1 , and, the mean false positive rate is 0.0302622222222222"
Time difference of 11.34979 hours
[1] "The mean success rate is 1 , and, the mean false positive rate is 0.0036475"
Time difference of 11.37176 hours
[1] "The mean success rate is 1 , and, the mean false positive rate is 0.030975"
