
Attaching package: ‘igraph’

The following objects are masked from ‘package:stats’:

    decompose, spectrum

The following object is masked from ‘package:base’:

    union

Loading required package: spatstat.data
Loading required package: spatstat.geom
spatstat.geom 3.2-8

Attaching package: ‘spatstat.geom’

The following objects are masked from ‘package:igraph’:

    diameter, edges, is.connected, vertices

The following object is masked from ‘package:cluster’:

    volume

The following object is masked from ‘package:MASS’:

    area

Loading required package: spatstat.random
spatstat.random 3.2-2
Loading required package: spatstat.explore
Loading required package: nlme
spatstat.explore 3.2-5
Loading required package: spatstat.model
Loading required package: rpart
spatstat.model 3.2-8
Loading required package: spatstat.linnet
spatstat.linnet 3.1-3

spatstat 3.0-7 
For an introduction to spatstat, type ‘beginner’ 

Loading required package: plotly
Loading required package: ggplot2

Attaching package: ‘plotly’

The following object is masked from ‘package:ggplot2’:

    last_plot

The following object is masked from ‘package:igraph’:

    groups

The following object is masked from ‘package:MASS’:

    select

The following object is masked from ‘package:stats’:

    filter

The following object is masked from ‘package:graphics’:

    layout


Attaching package: ‘hypercube’

The following object is masked from ‘package:base’:

    summary

Loading required package: foreach
Loading required package: iterators
Time difference of 4.162603 mins
[1] "The mean success rate is 0.902136505491605 , the mean true negative rate is 0.955749372948243 , and the mean F2-score is 0.825953058111461"
Error in gzfile(file, "wb") : cannot open the connection
Calls: save.image -> save -> gzfile
In addition: Warning message:
In gzfile(file, "wb") :
  cannot open compressed file '/mmfs1/home/rzs0112/exNVME/code_working_folder/M-FNNCCDs/Simulation/Complex_Clusters/Matern/5d_clx_cls.RDataTmp', probable reason 'No such file or directory'
Execution halted
Warning message:
In file.remove(outfile) :
  cannot remove file '/mmfs1/home/rzs0112/exNVME/code_working_folder/M-FNNCCDs/Simulation/Complex_Clusters/Matern/5d_clx_cls.RDataTmp', reason 'No such file or directory'
