
Attaching package: ‘igraph’

The following objects are masked from ‘package:stats’:

    decompose, spectrum

The following object is masked from ‘package:base’:

    union

Loading required package: spatstat.data
Loading required package: spatstat.geom
spatstat.geom 3.2-8

Attaching package: ‘spatstat.geom’

The following objects are masked from ‘package:igraph’:

    diameter, edges, is.connected, vertices

Loading required package: spatstat.random
spatstat.random 3.2-2
Loading required package: spatstat.explore
Loading required package: nlme
spatstat.explore 3.2-5
Loading required package: spatstat.model
Loading required package: rpart
spatstat.model 3.2-8
Loading required package: spatstat.linnet
spatstat.linnet 3.1-3

spatstat 3.0-7 
For an introduction to spatstat, type ‘beginner’ 

Loading required package: plotly
Loading required package: ggplot2

Attaching package: ‘plotly’

The following object is masked from ‘package:ggplot2’:

    last_plot

The following object is masked from ‘package:igraph’:

    groups

The following object is masked from ‘package:stats’:

    filter

The following object is masked from ‘package:graphics’:

    layout


Attaching package: ‘hypercube’

The following object is masked from ‘package:base’:

    summary


Attaching package: ‘MASS’

The following object is masked from ‘package:plotly’:

    select

The following object is masked from ‘package:spatstat.geom’:

    area

Package 'mclust' version 6.1.1
Type 'citation("mclust")' for citing this R package in publications.
Loading required package: foreach
Loading required package: iterators
[1] "KS-CCDs: The mean ARI is 0.978381140636297 , The mean average silhouette index is 0.404067227567419 , and, the percentatage of times identifying the correct number of clusters is 100 %, best delta: 0.43"
[1] "KS-CCDs: The mean ARI is 0.975622193950838 , The mean average silhouette index is 0.390681193933998 , and, the percentatage of times identifying the correct number of clusters is 99.6 %, best delta: 0.41"
[1] "KS-CCDs: The mean ARI is 0.823928619539177 , The mean average silhouette index is 0.34688753773727 , and, the percentatage of times identifying the correct number of clusters is 77.6 %, best delta: 0.41"
Time difference of 19.96113 hours
