
Attaching package: ‘igraph’

The following objects are masked from ‘package:stats’:

    decompose, spectrum

The following object is masked from ‘package:base’:

    union

Loading required package: foreach
Loading required package: iterators
[1] "4cls_n500_cont51020%"
Time difference of 5.867089 mins
[1] "The mean success rate is 1 , and, the mean false positive rate is 0.00886526315789474"
Time difference of 5.838569 mins
[1] "The mean success rate is 0.99996 , and, the mean false positive rate is 0.00984421052631579"
Time difference of 5.802324 mins
[1] "The mean success rate is 1 , and, the mean false positive rate is 0.00953555555555556"
Time difference of 5.834784 mins
[1] "The mean success rate is 1 , and, the mean false positive rate is 0.00962"
Time difference of 5.712777 mins
[1] "The mean success rate is 0.99907 , and, the mean false positive rate is 0.0113475"
Time difference of 5.749908 mins
[1] "The mean success rate is 0.99833 , and, the mean false positive rate is 0.0180975"
