
Attaching package: ‘igraph’

The following objects are masked from ‘package:stats’:

    decompose, spectrum

The following object is masked from ‘package:base’:

    union

Loading required package: foreach
Loading required package: iterators
[1] "3cls_n500_cont51020%"
Time difference of 2.778623 mins
[1] "The mean success rate is 1 , and, the mean false positive rate is 0.0072"
Time difference of 2.817242 mins
[1] "The mean success rate is 1 , and, the mean false positive rate is 0.0123494736842105"
Time difference of 2.752519 mins
[1] "The mean success rate is 0.99924 , and, the mean false positive rate is 0.00657777777777778"
Time difference of 2.790828 mins
[1] "The mean success rate is 0.99998 , and, the mean false positive rate is 0.0140866666666667"
Time difference of 2.704467 mins
[1] "The mean success rate is 0.9983 , and, the mean false positive rate is 0.0069225"
Time difference of 2.741537 mins
[1] "The mean success rate is 0.99912 , and, the mean false positive rate is 0.017855"
