
Attaching package: ‘igraph’

The following objects are masked from ‘package:stats’:

    decompose, spectrum

The following object is masked from ‘package:base’:

    union

Loading required package: foreach
Loading required package: iterators
[1] "2d_3cls_n500_cont51020%"
Time difference of 2.716102 hours
[1] "The mean success rate is 1 , and, the mean false positive rate is 0.202178947368421"
Time difference of 3.726976 hours
[1] "The mean success rate is 1 , and, the mean false positive rate is 0.203423157894737"
Time difference of 2.4211 hours
[1] "The mean success rate is 1 , and, the mean false positive rate is 0.198948888888889"
Time difference of 3.199461 hours
[1] "The mean success rate is 1 , and, the mean false positive rate is 0.204122222222222"
Time difference of 1.876204 hours
[1] "The mean success rate is 0.99987 , and, the mean false positive rate is 0.19629"
Time difference of 2.445044 hours
[1] "The mean success rate is 1 , and, the mean false positive rate is 0.21565"
