
Attaching package: ‘igraph’

The following objects are masked from ‘package:stats’:

    decompose, spectrum

The following object is masked from ‘package:base’:

    union

Loading required package: foreach
Loading required package: iterators
[1] "2d_2cls_n500_cont51020%"
Time difference of 4.507913 hours
[1] "The mean success rate is 1 , and, the mean false positive rate is 0.208983157894737"
Time difference of 5.884723 hours
[1] "The mean success rate is 1 , and, the mean false positive rate is 0.217014736842105"
Time difference of 3.961484 hours
[1] "The mean success rate is 1 , and, the mean false positive rate is 0.209006666666667"
Time difference of 5.034008 hours
[1] "The mean success rate is 1 , and, the mean false positive rate is 0.21064"
Time difference of 2.946626 hours
[1] "The mean success rate is 1 , and, the mean false positive rate is 0.208015"
Time difference of 4.065245 hours
[1] "The mean success rate is 0.99799 , and, the mean false positive rate is 0.20738"
