
Attaching package: ‘igraph’

The following objects are masked from ‘package:stats’:

    decompose, spectrum

The following object is masked from ‘package:base’:

    union

Loading required package: spatstat.data
Loading required package: spatstat.geom
spatstat.geom 3.2-4

Attaching package: ‘spatstat.geom’

The following objects are masked from ‘package:igraph’:

    diameter, edges, is.connected, vertices

The following object is masked from ‘package:cluster’:

    volume

The following object is masked from ‘package:MASS’:

    area

Loading required package: spatstat.random
spatstat.random 3.1-5
Loading required package: spatstat.explore
Loading required package: nlme
spatstat.explore 3.2-1
Loading required package: spatstat.model
Loading required package: rpart
spatstat.model 3.2-4
Loading required package: spatstat.linnet
spatstat.linnet 3.1-1

spatstat 3.0-6 
For an introduction to spatstat, type ‘beginner’ 

Loading required package: plotly
Loading required package: ggplot2

Attaching package: ‘plotly’

The following object is masked from ‘package:ggplot2’:

    last_plot

The following object is masked from ‘package:igraph’:

    groups

The following object is masked from ‘package:MASS’:

    select

The following object is masked from ‘package:stats’:

    filter

The following object is masked from ‘package:graphics’:

    layout


Attaching package: ‘hypercube’

The following object is masked from ‘package:base’:

    summary

Loading required package: foreach
Loading required package: iterators
                [,1]        [,2]
        0.7989433637 0.550369148
        0.9662537559 0.448216717
        0.7155174506 0.496188154
        0.8620117972 0.609589047
        0.8503229977 0.610943164
        0.8772590589 0.657084334
        0.7751837560 0.475462822
        0.8063226759 0.582745259
        0.8700820400 0.455651294
        0.8252274830 0.429326869
        0.8327523673 0.522361741
        0.7355759226 0.481120023
        0.7296116731 0.418784833
        0.7483515150 0.481713181
        0.7827751378 0.392401178
        0.8368198689 0.477992473
        0.9517998072 0.490535768
        0.8265394237 0.578200637
        0.8094510388 0.543768195
        0.7572501277 0.493880341
        0.8308631925 0.594708860
        0.8780387386 0.440674041
        0.8140558169 0.466226341
        0.8114755278 0.415780467
        0.8240768557 0.500244709
        0.7127757005 0.399344379
        0.8860252388 0.503058759
        0.8694101061 0.444843087
        0.8802391512 0.093536718
        0.7035747460 0.072841000
        0.7556854277 0.116595215
        0.7715413091 0.095583199
        0.8384846692 0.136226875
        0.7707000640 0.110413981
        0.8172160302 0.007309312
        0.8432719863 0.101115603
        0.8083868675 0.171756892
        0.6794356535 0.001823602
        0.7278802241 0.066853788
        0.7380907781 0.082200624
        0.7939952266 0.127348396
        0.7311899107 0.102026118
        0.7552220953 0.038901519
        0.8024260466 0.029182505
        0.8696531160 0.076011515
        0.8115949362 0.191752343
        0.7147271218 0.022637259
        0.7061344289 0.123208649
        0.6378540437 0.093165024
        0.6433259540 0.176637281
        0.8242253460 0.018583925
        0.6697978909 0.161341201
        0.7657794122 0.079242713
        0.8177181296 0.103324943
        0.7757990851 0.105717167
        0.9312350981 0.066919307
        0.7567876749 0.023459628
        0.7098338236 0.102238205
        0.8120497778 0.147578804
        0.7849725140 0.075253553
        0.1253103818 0.811518037
        0.1412841269 0.626978978
        0.0449445499 0.731130042
        0.0175352642 0.686710950
        0.0292170497 0.640013369
        0.1802440247 0.559616855
        0.1515713866 0.761972839
        0.0867980882 0.646534593
        0.1248683675 0.734156908
        0.0295646234 0.741721142
        0.0094237427 0.620681116
        0.0256678997 0.813159161
        0.0239790204 0.617953106
        0.0744596845 0.742893756
        0.1059103986 0.839508167
        0.0907478070 0.749166571
        0.1785845016 0.595632424
        0.0544047394 0.727075263
        0.1960255613 0.628247213
        0.0892563986 0.678583590
        0.0865943032 0.661509255
        0.0118355050 0.772845104
        0.2248387569 0.658531725
        0.0165340517 0.750737559
        0.0527333862 0.691841644
        0.1171816969 0.602322512
        0.0954944202 0.650908352
        0.1966415166 0.724559028
        0.2286349790 0.645973239
        0.1914815738 0.731354214
        0.0921312603 0.674963535
        0.0640079964 0.879056043
        0.0795205639 0.619564880
        0.1142643385 0.521769053
        0.1175991701 0.564548006
        0.1075849977 0.680348099
        0.0009344027 0.569557589
        0.0702357919 0.597354508
        0.1435455587 0.700415518
        0.0222123609 0.638028784
        0.2025713558 0.610601936
        0.1885224236 0.516255057
        0.1778623376 0.658492484
        0.1020881095 0.607407140
        0.1748442679 0.598223321
        0.1080768340 0.592033506
        0.0789409328 0.619755386
        0.1560868135 0.634661756
        0.1488170828 0.590296230
        0.1882339621 0.440444570
        0.1025074140 0.660770585
        0.1066702949 0.524600407
        0.1300673532 0.588210778
        0.1288684419 0.566774688
        0.1804761320 0.629658401
        0.0943669558 0.667675703
        0.1674209456 0.683595361
        0.0511201400 0.628697122
        0.1866650400 0.489494022
        0.1079732649 0.583600575
        0.0922282330 0.706994721
        0.1627668730 0.547497129
        0.1478991136 0.541190701
        0.2346354890 0.607791326
        0.4325626659 0.979926347
        0.4723047589 0.963838295
        0.4874322127 0.992737598
        0.5021471178 0.978569514
        0.3838303036 0.995516993
        0.4578095780 0.996360520
        0.4232533511 0.986598474
        0.4890079289 0.960821412
        0.5037453880 0.908169787
        0.4159918862 0.995072370
        0.4714213590 0.984478358
        0.5875032912 0.871788331
        0.6085770331 0.884690825
        0.3060456217 0.966446939
        0.5100559733 0.948222455
        0.4393913822 0.918615257
        0.5233424435 0.998375187
        0.4454291904 0.991648782
        0.4910360560 0.910084458
        0.5856472720 0.880383111
        0.4433018659 0.923739340
        0.4958963259 0.844268791
        0.4816916180 0.992288139
        0.4987024970 0.917404538
        0.4744952250 0.921505474
        0.0155912834 0.620066064
        0.2100372469 0.495433787
        0.1947919669 0.694436794
        0.1383134626 0.605949851
        0.1907171530 0.509711573
        0.1141068743 0.520994012
        0.2389341865 0.434625072
        0.0980820169 0.634625894
        0.1587320419 0.532195834
        0.1902238533 0.488889512
        0.2075259483 0.634588224
        0.2971113236 0.698555602
        0.1043875175 0.563034489
        0.1135032761 0.545934884
        0.1756793774 0.532393010
        0.1303637654 0.612694743
        0.0903697736 0.564856069
        0.1120914644 0.537931071
        0.1690691585 0.629799177
        0.0552026430 0.609250785
        0.1208417741 0.636546015
        0.0931297615 0.639959335
        0.1085881707 0.565165720
        0.1872224611 0.538143215
        0.0565609235 0.722313859
        0.0999930734 0.652137861
        0.1688411735 0.614230977
        0.2449354840 0.653210956
        0.2241790605 0.467809909
        0.2502846421 0.587025100
        0.1697393179 0.658971319
        0.2920807125 0.596979683
        0.2977230919 0.597752952
        0.1964456226 0.548052147
        0.2571739199 0.661883195
        0.4621347981 0.869252448
        0.4803523234 0.825175131
        0.5296714140 0.742746633
        0.5544625583 0.821017227
        0.5078095711 0.879485867
        0.4477801453 0.716957525
        0.5696418790 0.781888053
        0.4810171017 0.775532868
        0.5024305301 0.831043645
        0.5205386599 0.894721015
        0.5569269665 0.809428942
        0.5304230316 0.913834436
        0.5300899262 0.781489008
        0.4919551146 0.839445146
        0.4215416065 0.755743568
        0.4425224009 0.801574709
        0.4270839524 0.916114165
        0.4220746624 0.697344441
        0.4089582657 0.750684621
        0.5203655371 0.884212862
        0.5154777716 0.808655427
        0.5671634324 0.828593349
        0.5403255634 0.762738491
        0.5452966155 0.819912676
        0.4506779955 0.814050695
        0.6270011777 0.783531914
        0.6351789291 0.815783949
        0.4921077616 0.801689501
        0.3979356704 0.692838955
        0.4786433864 0.774832456
        0.4767165187 0.817043174
        0.5227178386 0.797969472
        0.5385752252 0.798732637
        0.5690060531 0.805629908
        0.5356262069 0.764139579
        0.4333575821 0.926148438
        0.4597207653 0.856016218
        0.4811146456 0.787376685
        0.4497305821 0.840242055
        0.4255545064 0.798545807
        0.5073380991 0.691211762
        0.4895603582 0.714688184
        0.3730611999 0.454299625
        0.3068031789 0.443560174
        0.3737127569 0.522794908
        0.4631957807 0.531113656
        0.4488438840 0.518075932
        0.4099314009 0.556340183
        0.3218057838 0.540184111
        0.2839722062 0.513575934
        0.3247206516 0.392134194
        0.3470390797 0.623427801
        0.2554396975 0.607002263
        0.3500078407 0.496039634
        0.2879963448 0.573201669
        0.3090850338 0.479133406
        0.3730667318 0.596575359
        0.5267604802 0.385639029
        0.2316018785 0.427796453
        0.2912693424 0.420103648
        0.3735675018 0.531575114
        0.3976692311 0.422461802
        0.2507200083 0.538505156
        0.3741802506 0.613970736
        0.3596824109 0.463039833
        0.4194325971 0.660872288
        0.3500031914 0.471670705
        0.1700299647 0.423633567
        0.2780336933 0.583620209
        0.2572529660 0.470118281
        0.4204612582 0.563780798
        0.2867812176 0.511487016
        0.3486048396 0.430538819
        0.7357240073 0.955808944
        0.7641144580 0.907453752
        0.7969773389 0.976982509
        0.7329060265 0.952401046
        0.7901307246 0.911619611
        0.7873307758 0.992982243
        0.7149740840 0.959577399
        0.7571942576 0.872368216
        0.8369219308 0.941339743
        0.7606140708 0.977712502
        0.6574843206 0.865982234
        0.7255091887 0.947757075
        0.8062462452 0.950117072
        0.7878506008 0.906682148
        0.6647074013 0.937763169
        0.7431517749 0.971697979
        0.6768443218 0.898630103
        0.7091856049 0.928479535
        0.0709447626 0.250444864
        0.0766220442 0.306452892
        0.2272998438 0.292653968
        0.1480774742 0.249484205
        0.1342365484 0.299747261
        0.0532557053 0.274265234
        0.1973484998 0.301424531
        0.0109667438 0.267525966
        0.3506595693 0.356140554
        0.1282764855 0.544654427
        0.2365119261 0.261035573
        0.1298884449 0.297887681
        0.1034984831 0.318641157
        0.0872594775 0.248389683
        0.1621675377 0.325487672
        0.2047904002 0.307344767
        0.0794368266 0.496447138
        0.1762125917 0.280292431
        0.1090937322 0.425051446
        0.2631869939 0.315481646
        0.2182460973 0.347850792
        0.0919515667 0.555228388
        0.1507543380 0.324946463
        0.1354559650 0.238246372
        0.2039166029 0.284928903
        0.0526065508 0.239588038
        0.3085548614 0.213018131
        0.2522686404 0.314146456
        0.1087975726 0.251935396
        0.1396107269 0.367047369
        0.0788145210 0.359316946
        0.2419502027 0.265190327
        0.2322224723 0.359768714
        0.1062442626 0.292205896
        0.1725442317 0.271593941
        0.1791286155 0.279902927
        0.1812973958 0.237195305
        0.5600175126 0.381479687
        0.5693985042 0.328084399
        0.5290777608 0.356608608
        0.5776212899 0.306801156
        0.5973278728 0.421999815
        0.5812946804 0.367990803
        0.4780304338 0.356248325
        0.5160036687 0.269953462
        0.4898012018 0.380682304
        0.3834309483 0.248034454
        0.5080822216 0.375309052
        0.5711545187 0.336287024
        0.6190421471 0.356216316
        0.6590858725 0.261944492
        0.4494728435 0.328395923
        0.5704952620 0.414875076
        0.5055241206 0.380268810
        0.4231702486 0.337420277
        0.5463853303 0.250358837
        0.5458238884 0.359311026
        0.5408055591 0.332315002
        0.4835751051 0.415984340
        0.6011366234 0.318446613
        0.6359947498 0.374823170
        0.6029595110 0.192268072
        0.5145749550 0.394118594
        0.5357636259 0.401493159
        0.4835802356 0.277195424
        0.2610761963 0.394302783
        0.3395119224 0.366834124
        0.1631635095 0.443075182
        0.2921891809 0.405731290
        0.2185720824 0.405805022
        0.2697882000 0.234172410
        0.2477396807 0.274581788
        0.2832377111 0.256734015
        0.1269842453 0.339669597
        0.3922620885 0.422904780
        0.1329223149 0.467286060
        0.1979078034 0.426532144
        0.2699528963 0.269692803
        0.1877021198 0.408079967
        0.0751997092 0.380366230
        0.2521023806 0.327273946
        0.2388419909 0.357328736
        0.2091135826 0.421161275
        0.1523563829 0.499142547
        0.2424434817 0.385565124
        0.1942152047 0.274984015
        0.2465218451 0.391310259
        0.1711592797 0.290861373
        0.2664208813 0.339468087
        0.2200334402 0.347169490
        0.2661801930 0.328028871
        0.1723490361 0.360956866
        0.2458125880 0.354166220
        0.2433804690 0.378159153
        0.3553263555 0.313650390
        0.1755210217 0.459043802
        0.2398725637 0.421772618
        0.1448324260 0.411467052
        0.2529071028 0.502608494
        0.2245915583 0.318782023
        0.2772861666 0.444866461
        0.1297051813 0.293661193
        0.1677868515 0.369554706
outlier 0.4661961375 0.006309739
[1] 378   1
Time difference of 14.12652 mins
$clusters
$clusters[[1]]
         [,1]      [,2]
 0.8772590589 0.6570843
 0.1253103818 0.8115180
 0.1412841269 0.6269790
 0.0449445499 0.7311300
 0.0175352642 0.6867109
 0.0292170497 0.6400134
 0.1802440247 0.5596169
 0.1515713866 0.7619728
 0.0867980882 0.6465346
 0.1248683675 0.7341569
 0.0295646234 0.7417211
 0.0094237427 0.6206811
 0.0256678997 0.8131592
 0.0239790204 0.6179531
 0.0744596845 0.7428938
 0.1059103986 0.8395082
 0.0907478070 0.7491666
 0.1785845016 0.5956324
 0.0544047394 0.7270753
 0.1960255613 0.6282472
 0.0892563986 0.6785836
 0.0865943032 0.6615093
 0.0118355050 0.7728451
 0.2248387569 0.6585317
 0.0165340517 0.7507376
 0.0527333862 0.6918416
 0.1171816969 0.6023225
 0.0954944202 0.6509084
 0.1966415166 0.7245590
 0.2286349790 0.6459732
 0.1914815738 0.7313542
 0.0921312603 0.6749635
 0.0640079964 0.8790560
 0.0795205639 0.6195649
 0.1142643385 0.5217691
 0.1175991701 0.5645480
 0.1075849977 0.6803481
 0.0009344027 0.5695576
 0.0702357919 0.5973545
 0.1435455587 0.7004155
 0.0222123609 0.6380288
 0.2025713558 0.6106019
 0.1885224236 0.5162551
 0.1778623376 0.6584925
 0.1020881095 0.6074071
 0.1748442679 0.5982233
 0.1080768340 0.5920335
 0.0789409328 0.6197554
 0.1560868135 0.6346618
 0.1488170828 0.5902962
 0.1882339621 0.4404446
 0.1025074140 0.6607706
 0.1066702949 0.5246004
 0.1300673532 0.5882108
 0.1288684419 0.5667747
 0.1804761320 0.6296584
 0.0943669558 0.6676757
 0.1674209456 0.6835954
 0.0511201400 0.6286971
 0.1866650400 0.4894940
 0.1079732649 0.5836006
 0.0922282330 0.7069947
 0.1627668730 0.5474971
 0.1478991136 0.5411907
 0.2346354890 0.6077913
 0.4325626659 0.9799263
 0.4723047589 0.9638383
 0.4874322127 0.9927376
 0.5021471178 0.9785695
 0.3838303036 0.9955170
 0.4578095780 0.9963605
 0.4232533511 0.9865985
 0.4890079289 0.9608214
 0.5037453880 0.9081698
 0.4159918862 0.9950724
 0.4714213590 0.9844784
 0.5875032912 0.8717883
 0.6085770331 0.8846908
 0.3060456217 0.9664469
 0.5100559733 0.9482225
 0.4393913822 0.9186153
 0.5233424435 0.9983752
 0.4454291904 0.9916488
 0.4910360560 0.9100845
 0.5856472720 0.8803831
 0.4433018659 0.9237393
 0.4958963259 0.8442688
 0.4816916180 0.9922881
 0.4987024970 0.9174045
 0.4744952250 0.9215055
 0.0155912834 0.6200661
 0.2100372469 0.4954338
 0.1947919669 0.6944368
 0.1383134626 0.6059499
 0.1907171530 0.5097116
 0.1141068743 0.5209940
 0.2389341865 0.4346251
 0.0980820169 0.6346259
 0.1587320419 0.5321958
 0.1902238533 0.4888895
 0.2075259483 0.6345882
 0.2971113236 0.6985556
 0.1043875175 0.5630345
 0.1135032761 0.5459349
 0.1756793774 0.5323930
 0.1303637654 0.6126947
 0.0903697736 0.5648561
 0.1120914644 0.5379311
 0.1690691585 0.6297992
 0.0552026430 0.6092508
 0.1208417741 0.6365460
 0.0931297615 0.6399593
 0.1085881707 0.5651657
 0.1872224611 0.5381432
 0.0565609235 0.7223139
 0.0999930734 0.6521379
 0.1688411735 0.6142310
 0.2449354840 0.6532110
 0.2241790605 0.4678099
 0.2502846421 0.5870251
 0.1697393179 0.6589713
 0.2920807125 0.5969797
 0.2977230919 0.5977530
 0.1964456226 0.5480521
 0.2571739199 0.6618832
 0.4621347981 0.8692524
 0.4803523234 0.8251751
 0.5296714140 0.7427466
 0.5544625583 0.8210172
 0.5078095711 0.8794859
 0.4477801453 0.7169575
 0.5696418790 0.7818881
 0.4810171017 0.7755329
 0.5024305301 0.8310436
 0.5205386599 0.8947210
 0.5569269665 0.8094289
 0.5304230316 0.9138344
 0.5300899262 0.7814890
 0.4919551146 0.8394451
 0.4215416065 0.7557436
 0.4425224009 0.8015747
 0.4270839524 0.9161142
 0.4220746624 0.6973444
 0.4089582657 0.7506846
 0.5203655371 0.8842129
 0.5154777716 0.8086554
 0.5671634324 0.8285933
 0.5403255634 0.7627385
 0.5452966155 0.8199127
 0.4506779955 0.8140507
 0.6270011777 0.7835319
 0.6351789291 0.8157839
 0.4921077616 0.8016895
 0.3979356704 0.6928390
 0.4786433864 0.7748325
 0.4767165187 0.8170432
 0.5227178386 0.7979695
 0.5385752252 0.7987326
 0.5690060531 0.8056299
 0.5356262069 0.7641396
 0.4333575821 0.9261484
 0.4597207653 0.8560162
 0.4811146456 0.7873767
 0.4497305821 0.8402421
 0.4255545064 0.7985458
 0.5073380991 0.6912118
 0.4895603582 0.7146882
 0.3730611999 0.4542996
 0.3068031789 0.4435602
 0.3737127569 0.5227949
 0.4631957807 0.5311137
 0.4488438840 0.5180759
 0.4099314009 0.5563402
 0.3218057838 0.5401841
 0.2839722062 0.5135759
 0.3247206516 0.3921342
 0.3470390797 0.6234278
 0.2554396975 0.6070023
 0.3500078407 0.4960396
 0.2879963448 0.5732017
 0.3090850338 0.4791334
 0.3730667318 0.5965754
 0.5267604802 0.3856390
 0.2316018785 0.4277965
 0.2912693424 0.4201036
 0.3735675018 0.5315751
 0.3976692311 0.4224618
 0.2507200083 0.5385052
 0.3741802506 0.6139707
 0.3596824109 0.4630398
 0.4194325971 0.6608723
 0.3500031914 0.4716707
 0.1700299647 0.4236336
 0.2780336933 0.5836202
 0.2572529660 0.4701183
 0.4204612582 0.5637808
 0.2867812176 0.5114870
 0.3486048396 0.4305388
 0.7357240073 0.9558089
 0.7641144580 0.9074538
 0.7969773389 0.9769825
 0.7329060265 0.9524010
 0.7901307246 0.9116196
 0.7873307758 0.9929822
 0.7149740840 0.9595774
 0.7571942576 0.8723682
 0.8369219308 0.9413397
 0.7606140708 0.9777125
 0.6574843206 0.8659822
 0.7255091887 0.9477571
 0.8062462452 0.9501171
 0.7878506008 0.9066821
 0.6647074013 0.9377632
 0.7431517749 0.9716980
 0.6768443218 0.8986301
 0.7091856049 0.9284795
 0.0709447626 0.2504449
 0.0766220442 0.3064529
 0.2272998438 0.2926540
 0.1480774742 0.2494842
 0.1342365484 0.2997473
 0.0532557053 0.2742652
 0.1973484998 0.3014245
 0.0109667438 0.2675260
 0.3506595693 0.3561406
 0.1282764855 0.5446544
 0.2365119261 0.2610356
 0.1298884449 0.2978877
 0.1034984831 0.3186412
 0.0872594775 0.2483897
 0.1621675377 0.3254877
 0.2047904002 0.3073448
 0.0794368266 0.4964471
 0.1762125917 0.2802924
 0.1090937322 0.4250514
 0.2631869939 0.3154816
 0.2182460973 0.3478508
 0.0919515667 0.5552284
 0.1507543380 0.3249465
 0.1354559650 0.2382464
 0.2039166029 0.2849289
 0.0526065508 0.2395880
 0.3085548614 0.2130181
 0.2522686404 0.3141465
 0.1087975726 0.2519354
 0.1396107269 0.3670474
 0.0788145210 0.3593169
 0.2419502027 0.2651903
 0.2322224723 0.3597687
 0.1062442626 0.2922059
 0.1725442317 0.2715939
 0.1791286155 0.2799029
 0.1812973958 0.2371953
 0.5600175126 0.3814797
 0.5290777608 0.3566086
 0.5973278728 0.4219998
 0.4780304338 0.3562483
 0.4898012018 0.3806823
 0.3834309483 0.2480345
 0.5080822216 0.3753091
 0.4494728435 0.3283959
 0.5704952620 0.4148751
 0.5055241206 0.3802688
 0.4231702486 0.3374203
 0.5458238884 0.3593110
 0.5408055591 0.3323150
 0.4835751051 0.4159843
 0.5145749550 0.3941186
 0.5357636259 0.4014932
 0.4835802356 0.2771954
 0.2610761963 0.3943028
 0.3395119224 0.3668341
 0.1631635095 0.4430752
 0.2921891809 0.4057313
 0.2185720824 0.4058050
 0.2697882000 0.2341724
 0.2477396807 0.2745818
 0.2832377111 0.2567340
 0.1269842453 0.3396696
 0.3922620885 0.4229048
 0.1329223149 0.4672861
 0.1979078034 0.4265321
 0.2699528963 0.2696928
 0.1877021198 0.4080800
 0.0751997092 0.3803662
 0.2521023806 0.3272739
 0.2388419909 0.3573287
 0.2091135826 0.4211613
 0.1523563829 0.4991425
 0.2424434817 0.3855651
 0.1942152047 0.2749840
 0.2465218451 0.3913103
 0.1711592797 0.2908614
 0.2664208813 0.3394681
 0.2200334402 0.3471695
 0.2661801930 0.3280289
 0.1723490361 0.3609569
 0.2458125880 0.3541662
 0.2433804690 0.3781592
 0.3553263555 0.3136504
 0.1755210217 0.4590438
 0.2398725637 0.4217726
 0.1448324260 0.4114671
 0.2529071028 0.5026085
 0.2245915583 0.3187820
 0.2772861666 0.4448665
 0.1297051813 0.2936612
 0.1677868515 0.3695547

$clusters[[2]]
             [,1]        [,2]
        0.7989434 0.550369148
        0.9662538 0.448216717
        0.7155175 0.496188154
        0.8620118 0.609589047
        0.8503230 0.610943164
        0.7751838 0.475462822
        0.8063227 0.582745259
        0.8700820 0.455651294
        0.8252275 0.429326869
        0.8327524 0.522361741
        0.7355759 0.481120023
        0.7296117 0.418784833
        0.7483515 0.481713181
        0.7827751 0.392401178
        0.8368199 0.477992473
        0.9517998 0.490535768
        0.8265394 0.578200637
        0.8094510 0.543768195
        0.7572501 0.493880341
        0.8308632 0.594708860
        0.8780387 0.440674041
        0.8140558 0.466226341
        0.8114755 0.415780467
        0.8240769 0.500244709
        0.7127757 0.399344379
        0.8860252 0.503058759
        0.8694101 0.444843087
        0.8802392 0.093536718
        0.7035747 0.072841000
        0.7556854 0.116595215
        0.7715413 0.095583199
        0.8384847 0.136226875
        0.7707001 0.110413981
        0.8172160 0.007309312
        0.8432720 0.101115603
        0.8083869 0.171756892
        0.6794357 0.001823602
        0.7278802 0.066853788
        0.7380908 0.082200624
        0.7939952 0.127348396
        0.7311899 0.102026118
        0.7552221 0.038901519
        0.8024260 0.029182505
        0.8696531 0.076011515
        0.8115949 0.191752343
        0.7147271 0.022637259
        0.7061344 0.123208649
        0.6378540 0.093165024
        0.6433260 0.176637281
        0.8242253 0.018583925
        0.6697979 0.161341201
        0.7657794 0.079242713
        0.8177181 0.103324943
        0.7757991 0.105717167
        0.9312351 0.066919307
        0.7567877 0.023459628
        0.7098338 0.102238205
        0.8120498 0.147578804
        0.7849725 0.075253553
        0.5693985 0.328084399
        0.5776213 0.306801156
        0.5812947 0.367990803
        0.5160037 0.269953462
        0.5711545 0.336287024
        0.6190421 0.356216316
        0.6590859 0.261944492
        0.5463853 0.250358837
        0.6011366 0.318446613
        0.6359947 0.374823170
        0.6029595 0.192268072
outlier 0.4661961 0.006309739


$label
$label[[1]]
  [1]  1  2  2  2  2  2  2  2  2  2  2  2  3  2  2  4  2  2  2  2  2  2  2  2  2
 [26]  2  2  2  2  2  2  2  5  2  2  2  2  2  2  2  2  2  2  2  2  2  2  2  2  2
 [51]  2  2  2  2  2  2  2  2  2  2  2  2  2  2  2  2  2  2  2  2  2  2  2  2  2
 [76]  2  2  2  6  2  2  2  2  2  2  2  2  2  2  2  2  2  2  2  2  2  2  2  2  2
[101]  2  2  2  2  2  2  2  2  2  2  2  2  2  2  2  2  2  2  2  2  2  2  2  2  2
[126]  2  2  2  2  2  2  2  2  2  2  2  2  2  2  2  2  2  2  2  2  2  2  2  2  2
[151]  2  2  2  2  2  2  2  2  2  2  2  2  2  2  2  2  2  2  2  2  2  2  2  2  2
[176]  2  2  2  2  2  2  2  2  2  2  2  2  2  2  2  2  2  2  2  2  2  2  2  2  2
[201]  2  2  2  2  2  2  7  2  2  2  2  2  2  2  2  2  2  2  2  2  2  2  2  8  2
[226]  2  2  2  2  2  2  2  2  2  2  2  2  2  2  2  2  2  9  2  2  2  2  2  2  2
[251]  2  2  2  2  2  2  2  2 10  2  2  2  2  2  2  2  2  2  2 11  2  2  2  2  2
[276]  2  2  2  2  2  2  2  2  2  2  2  2  2  2  2  2  2  2  2  2  2  2  2  2  2
[301]  2  2  2  2  2  2  2  2

$label[[2]]
 [1]  1  2  1  1  1  1  1  1  1  1  1  1  1  1  1  3  1  1  1  1  1  1  1  1  1
[26]  1  1  4  4  4  4  4  4  4  4  4  4  4  4  4  4  4  4  4  4  4  4  4  4  4
[51]  4  4  4  4  5  4  4  4  4  6  6  6  7  6  6  8  9  6  6 10 11


[1] "The mean success rate is NaN , and, the mean false positive rate is NaN"
Time difference of 14.35072 mins
