
Attaching package: ‘igraph’

The following objects are masked from ‘package:stats’:

    decompose, spectrum

The following object is masked from ‘package:base’:

    union

Loading required package: foreach
Loading required package: iterators
[1] "2d_4cls_n500_cont51020%"
Time difference of 24.5881 mins
[1] "The mean success rate is 0.99988 , and, the mean false positive rate is 0.232764210526316"
Time difference of 25.52192 mins
[1] "The mean success rate is 1 , and, the mean false positive rate is 0.235728421052632"
Time difference of 23.26016 mins
[1] "The mean success rate is 0.99998 , and, the mean false positive rate is 0.230077777777778"
Time difference of 24.06869 mins
[1] "The mean success rate is 1 , and, the mean false positive rate is 0.237153333333333"
Time difference of 20.71943 mins
[1] "The mean success rate is 0.99999 , and, the mean false positive rate is 0.23145"
Time difference of 21.34941 mins
[1] "The mean success rate is 0.99994 , and, the mean false positive rate is 0.2417525"
