
Attaching package: ‘igraph’

The following objects are masked from ‘package:stats’:

    decompose, spectrum

The following object is masked from ‘package:base’:

    union

Loading required package: spatstat.data
Loading required package: spatstat.geom
spatstat.geom 3.2-8

Attaching package: ‘spatstat.geom’

The following objects are masked from ‘package:igraph’:

    diameter, edges, is.connected, vertices

The following object is masked from ‘package:cluster’:

    volume

The following object is masked from ‘package:MASS’:

    area

Loading required package: spatstat.random
spatstat.random 3.2-2
Loading required package: spatstat.explore
Loading required package: nlme
spatstat.explore 3.2-5
Loading required package: spatstat.model
Loading required package: rpart
spatstat.model 3.2-8
Loading required package: spatstat.linnet
spatstat.linnet 3.1-3

spatstat 3.0-7 
For an introduction to spatstat, type ‘beginner’ 

Loading required package: plotly
Loading required package: ggplot2

Attaching package: ‘plotly’

The following object is masked from ‘package:ggplot2’:

    last_plot

The following object is masked from ‘package:igraph’:

    groups

The following object is masked from ‘package:MASS’:

    select

The following object is masked from ‘package:stats’:

    filter

The following object is masked from ‘package:graphics’:

    layout


Attaching package: ‘hypercube’

The following object is masked from ‘package:base’:

    summary

Loading required package: foreach
Loading required package: iterators
[1] "OOS: the mean TPR is 0.545907898666521 and, the mean TNR 0.946380501945299 and, BA is 0.74614420030591 and, the mean F2-score is 0.415977564296509"
[1] "IOS: the mean TPR is 0.866815766548553 and, the mean TNR 0.9533841818521 and, BA is 0.910099974200327 and, the mean F2-score is 0.666520338433843"
Time difference of 2.733734 mins
