
Attaching package: ‘igraph’

The following objects are masked from ‘package:stats’:

    decompose, spectrum

The following object is masked from ‘package:base’:

    union

Loading required package: foreach
Loading required package: iterators
[1] "2d_3cls_n500_cont51020%"
Time difference of 9.691463 mins
[1] "The mean success rate is 0.99996 , and, the mean false positive rate is 0.442650526315789"
Time difference of 9.54276 mins
[1] "The mean success rate is 0.99992 , and, the mean false positive rate is 0.386894736842105"
Time difference of 9.746579 mins
[1] "The mean success rate is 0.99908 , and, the mean false positive rate is 0.442991111111111"
Time difference of 9.672359 mins
[1] "The mean success rate is 0.99892 , and, the mean false positive rate is 0.391164444444444"
Time difference of 9.712585 mins
[1] "The mean success rate is 0.99909 , and, the mean false positive rate is 0.4590625"
Time difference of 9.765704 mins
[1] "The mean success rate is 0.99907 , and, the mean false positive rate is 0.4001475"
