
Attaching package: ‘igraph’

The following objects are masked from ‘package:stats’:

    decompose, spectrum

The following object is masked from ‘package:base’:

    union

Loading required package: foreach
Loading required package: iterators
[1] "2d_4cls_n500_cont51020%"
Time difference of 9.659231 mins
[1] "The mean success rate is 1 , and, the mean false positive rate is 0.458656842105263"
Time difference of 9.601435 mins
[1] "The mean success rate is 1 , and, the mean false positive rate is 0.442905263157895"
Time difference of 9.653952 mins
[1] "The mean success rate is 1 , and, the mean false positive rate is 0.470282222222222"
Time difference of 9.659821 mins
[1] "The mean success rate is 1 , and, the mean false positive rate is 0.455017777777778"
Time difference of 9.695177 mins
[1] "The mean success rate is 1 , and, the mean false positive rate is 0.484075"
Time difference of 9.752374 mins
[1] "The mean success rate is 0.99997 , and, the mean false positive rate is 0.4734525"
