
Attaching package: ‘igraph’

The following objects are masked from ‘package:stats’:

    decompose, spectrum

The following object is masked from ‘package:base’:

    union

Loading required package: foreach
Loading required package: iterators
[1] "20d_2cls_n500_cont51020%"
Time difference of 11.16818 hours
[1] "The mean success rate is 1 , and, the mean false positive rate is 0.000334736842105263"
Time difference of 11.15148 hours
[1] "The mean success rate is 1 , and, the mean false positive rate is 0.000362105263157895"
Time difference of 11.16429 hours
[1] "The mean success rate is 1 , and, the mean false positive rate is 4e-04"
Time difference of 11.16485 hours
[1] "The mean success rate is 1 , and, the mean false positive rate is 0.000377777777777778"
Time difference of 11.14511 hours
[1] "The mean success rate is 1 , and, the mean false positive rate is 0.0004475"
Time difference of 11.15245 hours
[1] "The mean success rate is 1 , and, the mean false positive rate is 0.000405"
