
Attaching package: ‘igraph’

The following objects are masked from ‘package:stats’:

    decompose, spectrum

The following object is masked from ‘package:base’:

    union

Loading required package: foreach
Loading required package: iterators
[1] "5d_3cls_n500_cont51020%"
Time difference of 46.88816 mins
[1] "The mean success rate is 0.9998 , and, the mean false positive rate is 0.000452631578947368"
Time difference of 1.13981 hours
[1] "The mean success rate is 0.99976 , and, the mean false positive rate is 0.000412631578947368"
Time difference of 39.79364 mins
[1] "The mean success rate is 0.99574 , and, the mean false positive rate is 0.000522222222222222"
Time difference of 58.7083 mins
[1] "The mean success rate is 0.99972 , and, the mean false positive rate is 0.000482222222222222"
Time difference of 29.22583 mins
[1] "The mean success rate is 0.98388 , and, the mean false positive rate is 0.0005325"
Time difference of 42.80914 mins
[1] "The mean success rate is 0.93366 , and, the mean false positive rate is 0.013265"
