
Attaching package: ‘igraph’

The following objects are masked from ‘package:stats’:

    decompose, spectrum

The following object is masked from ‘package:base’:

    union

Loading required package: foreach
Loading required package: iterators
[1] "3d_2cls_n500_cont51020%"
Time difference of 1.915792 hours
[1] "The mean success rate is 0.87484 , and, the mean false positive rate is 0.00394105263157895"
Time difference of 2.512294 hours
[1] "The mean success rate is 0.84044 , and, the mean false positive rate is 0.00392421052631579"
Time difference of 1.668542 hours
[1] "The mean success rate is 0.57374 , and, the mean false positive rate is 0.00286"
Time difference of 2.152912 hours
[1] "The mean success rate is 0.5608 , and, the mean false positive rate is 0.00286888888888889"
Time difference of 1.273688 hours
[1] "The mean success rate is 0.2094 , and, the mean false positive rate is 0.00177"
Time difference of 1.741839 hours
[1] "The mean success rate is 0.20757 , and, the mean false positive rate is 0.0016775"
