
Attaching package: ‘igraph’

The following objects are masked from ‘package:stats’:

    decompose, spectrum

The following object is masked from ‘package:base’:

    union

Loading required package: foreach
Loading required package: iterators
[1] "4cls_n500_cont51020%"
Time difference of 11.39886 hours
[1] "The mean success rate is 1 , and, the mean false positive rate is 0.365482105263158"
Time difference of 11.40436 hours
[1] "The mean success rate is 1 , and, the mean false positive rate is 0.369208421052632"
Time difference of 11.41031 hours
[1] "The mean success rate is 1 , and, the mean false positive rate is 0.363235555555556"
Time difference of 11.41549 hours
[1] "The mean success rate is 1 , and, the mean false positive rate is 0.365355555555556"
Time difference of 11.40423 hours
[1] "The mean success rate is 1 , and, the mean false positive rate is 0.3632975"
Time difference of 11.41879 hours
[1] "The mean success rate is 1 , and, the mean false positive rate is 0.3646075"
