
Attaching package: ‘igraph’

The following objects are masked from ‘package:stats’:

    decompose, spectrum

The following object is masked from ‘package:base’:

    union

Loading required package: foreach
Loading required package: iterators
[1] "3d_2cls_n500_cont51020%"
Time difference of 9.001304 hours
[1] "The mean success rate is 0.99984 , and, the mean false positive rate is 0.000107368421052632"
Time difference of 14.22273 hours
[1] "The mean success rate is 0.99816 , and, the mean false positive rate is 0.000111578947368421"
Time difference of 7.364912 hours
[1] "The mean success rate is 0.9869 , and, the mean false positive rate is 9.33333333333333e-05"
Time difference of 12.06203 hours
[1] "The mean success rate is 0.99526 , and, the mean false positive rate is 8.44444444444444e-05"
Time difference of 4.872954 hours
[1] "The mean success rate is 0.99083 , and, the mean false positive rate is 0.0001225"
Time difference of 8.327181 hours
[1] "The mean success rate is 0.95496 , and, the mean false positive rate is 0.00013"
